5/17/2017 4:00:21 PM, Info: Initializing SIMPLSharp Services...
5/17/2017 4:00:22 PM, Info: ProjectInfo successfully initialized.
5/17/2017 4:00:42 PM, Info: Commiting verification transaction...
5/17/2017 4:00:42 PM, Info: Saving project information...
5/17/2017 4:02:19 PM, Info: Initializing SIMPLSharp Services...
5/17/2017 4:02:19 PM, Info: ProjectInfo successfully initialized.
5/17/2017 4:02:29 PM, Info: Commiting verification transaction...
5/17/2017 4:02:29 PM, Info: Saving project information...
5/17/2017 4:03:07 PM, Info: Initializing SIMPLSharp Services...
5/17/2017 4:03:07 PM, Info: ProjectInfo successfully initialized.
5/17/2017 4:03:08 PM, Info: Commiting verification transaction...
5/17/2017 4:03:08 PM, Info: Saving project information...
5/17/2017 4:03:29 PM, Info: Initializing SIMPLSharp Services...
5/17/2017 4:03:29 PM, Info: ProjectInfo successfully initialized.
5/17/2017 4:03:35 PM, Info: Commiting verification transaction...
5/17/2017 4:03:35 PM, Info: Saving project information...
5/17/2017 4:03:59 PM, Info: Initializing SIMPLSharp Services...
5/17/2017 4:04:00 PM, Info: ProjectInfo successfully initialized.
5/17/2017 4:04:06 PM, Info: Commiting verification transaction...
5/17/2017 4:04:06 PM, Info: Saving project information...
5/17/2017 4:04:44 PM, Info: Initializing SIMPLSharp Services...
5/17/2017 4:04:44 PM, Info: ProjectInfo successfully initialized.
5/17/2017 4:04:50 PM, Info: Commiting verification transaction...
5/17/2017 4:04:50 PM, Info: Saving project information...
5/17/2017 4:06:13 PM, Info: Initializing SIMPLSharp Services...
5/17/2017 4:06:13 PM, Info: ProjectInfo successfully initialized.
5/17/2017 4:06:20 PM, Info: Commiting verification transaction...
5/17/2017 4:06:20 PM, Info: Saving project information...
5/17/2017 4:07:19 PM, Info: Initializing SIMPLSharp Services...
5/17/2017 4:07:19 PM, Info: ProjectInfo successfully initialized.
5/17/2017 4:07:25 PM, Info: Commiting verification transaction...
5/17/2017 4:07:25 PM, Info: Saving project information...
5/17/2017 4:11:57 PM, Info: Initializing SIMPLSharp Services...
5/17/2017 4:11:57 PM, Info: ProjectInfo successfully initialized.
5/17/2017 4:12:04 PM, Info: Commiting verification transaction...
5/17/2017 4:12:04 PM, Info: Saving project information...
5/17/2017 4:25:34 PM, Info: Initializing SIMPLSharp Services...
5/17/2017 4:25:34 PM, Info: ProjectInfo successfully initialized.
5/17/2017 4:25:40 PM, Info: Commiting verification transaction...
5/17/2017 4:25:40 PM, Info: Saving project information...
5/17/2017 4:26:43 PM, Info: Initializing SIMPLSharp Services...
5/17/2017 4:26:43 PM, Info: ProjectInfo successfully initialized.
5/17/2017 4:26:49 PM, Info: Commiting verification transaction...
5/17/2017 4:26:49 PM, Info: Saving project information...
5/17/2017 4:32:42 PM, Info: Initializing SIMPLSharp Services...
5/17/2017 4:32:42 PM, Info: ProjectInfo successfully initialized.
5/17/2017 4:32:48 PM, Info: Commiting verification transaction...
5/17/2017 4:32:48 PM, Info: Saving project information...
5/17/2017 4:39:33 PM, Info: Initializing SIMPLSharp Services...
5/17/2017 4:39:33 PM, Info: ProjectInfo successfully initialized.
5/17/2017 4:39:39 PM, Info: Commiting verification transaction...
5/17/2017 4:39:39 PM, Info: Saving project information...
5/17/2017 4:41:28 PM, Info: Initializing SIMPLSharp Services...
5/17/2017 4:41:28 PM, Info: ProjectInfo successfully initialized.
5/17/2017 4:41:34 PM, Info: Commiting verification transaction...
5/17/2017 4:41:34 PM, Info: Saving project information...
5/17/2017 5:03:02 PM, Info: Initializing SIMPLSharp Services...
5/17/2017 5:03:02 PM, Info: ProjectInfo successfully initialized.
5/17/2017 5:03:06 PM, Info: Commiting verification transaction...
5/17/2017 5:03:06 PM, Info: Saving project information...
5/17/2017 5:06:21 PM, Info: Initializing SIMPLSharp Services...
5/17/2017 5:06:21 PM, Info: ProjectInfo successfully initialized.
5/17/2017 5:06:26 PM, Info: Commiting verification transaction...
5/17/2017 5:06:26 PM, Info: Saving project information...
5/17/2017 5:07:35 PM, Info: Initializing SIMPLSharp Services...
5/17/2017 5:07:35 PM, Info: ProjectInfo successfully initialized.
5/17/2017 5:07:39 PM, Info: Commiting verification transaction...
5/17/2017 5:07:39 PM, Info: Saving project information...
5/17/2017 5:08:50 PM, Info: Initializing SIMPLSharp Services...
5/17/2017 5:08:50 PM, Info: ProjectInfo successfully initialized.
5/17/2017 5:08:54 PM, Info: Commiting verification transaction...
5/17/2017 5:08:54 PM, Info: Saving project information...
5/17/2017 5:09:48 PM, Info: Initializing SIMPLSharp Services...
5/17/2017 5:09:48 PM, Info: ProjectInfo successfully initialized.
5/17/2017 5:09:52 PM, Info: Commiting verification transaction...
5/17/2017 5:09:52 PM, Info: Saving project information...
5/17/2017 5:10:20 PM, Info: Initializing SIMPLSharp Services...
5/17/2017 5:10:20 PM, Info: ProjectInfo successfully initialized.
5/17/2017 5:10:25 PM, Info: Commiting verification transaction...
5/17/2017 5:10:25 PM, Info: Saving project information...
5/17/2017 5:10:52 PM, Info: Initializing SIMPLSharp Services...
5/17/2017 5:10:52 PM, Info: ProjectInfo successfully initialized.
5/17/2017 5:10:56 PM, Info: Commiting verification transaction...
5/17/2017 5:10:56 PM, Info: Saving project information...
5/17/2017 5:11:23 PM, Info: Initializing SIMPLSharp Services...
5/17/2017 5:11:23 PM, Info: ProjectInfo successfully initialized.
5/17/2017 5:11:27 PM, Info: Commiting verification transaction...
5/17/2017 5:11:27 PM, Info: Saving project information...
5/17/2017 5:11:59 PM, Info: Initializing SIMPLSharp Services...
5/17/2017 5:11:59 PM, Info: ProjectInfo successfully initialized.
5/17/2017 5:12:03 PM, Info: Commiting verification transaction...
5/17/2017 5:12:03 PM, Info: Saving project information...
5/17/2017 5:12:38 PM, Info: Initializing SIMPLSharp Services...
5/17/2017 5:12:38 PM, Info: ProjectInfo successfully initialized.
5/17/2017 5:12:42 PM, Info: Commiting verification transaction...
5/17/2017 5:12:42 PM, Info: Saving project information...
5/17/2017 5:14:23 PM, Info: Initializing SIMPLSharp Services...
5/17/2017 5:14:23 PM, Info: ProjectInfo successfully initialized.
5/17/2017 5:14:28 PM, Info: Commiting verification transaction...
5/17/2017 5:14:28 PM, Info: Saving project information...
5/17/2017 5:15:00 PM, Info: Initializing SIMPLSharp Services...
5/17/2017 5:15:00 PM, Info: ProjectInfo successfully initialized.
5/17/2017 5:15:04 PM, Info: Commiting verification transaction...
5/17/2017 5:15:04 PM, Info: Saving project information...
5/17/2017 5:15:52 PM, Info: Initializing SIMPLSharp Services...
5/17/2017 5:15:52 PM, Info: ProjectInfo successfully initialized.
5/17/2017 5:15:56 PM, Info: Commiting verification transaction...
5/17/2017 5:15:56 PM, Info: Saving project information...
5/17/2017 5:17:06 PM, Info: Initializing SIMPLSharp Services...
5/17/2017 5:17:06 PM, Info: ProjectInfo successfully initialized.
5/17/2017 5:17:19 PM, Info: Commiting verification transaction...
5/17/2017 5:17:19 PM, Info: Saving project information...
5/17/2017 5:20:09 PM, Info: Initializing SIMPLSharp Services...
5/17/2017 5:20:09 PM, Info: ProjectInfo successfully initialized.
5/17/2017 5:20:14 PM, Info: Commiting verification transaction...
5/17/2017 5:20:14 PM, Info: Saving project information...
5/17/2017 5:20:33 PM, Info: Initializing SIMPLSharp Services...
5/17/2017 5:20:33 PM, Info: ProjectInfo successfully initialized.
5/17/2017 5:20:37 PM, Info: Commiting verification transaction...
5/17/2017 5:20:37 PM, Info: Saving project information...
5/17/2017 5:24:33 PM, Info: Initializing SIMPLSharp Services...
5/17/2017 5:24:33 PM, Info: ProjectInfo successfully initialized.
5/17/2017 5:24:37 PM, Info: Commiting verification transaction...
5/17/2017 5:24:37 PM, Info: Saving project information...
5/17/2017 5:26:09 PM, Info: Initializing SIMPLSharp Services...
5/17/2017 5:26:09 PM, Info: ProjectInfo successfully initialized.
5/17/2017 5:26:14 PM, Info: Commiting verification transaction...
5/17/2017 5:26:14 PM, Info: Saving project information...
5/17/2017 5:29:08 PM, Info: Initializing SIMPLSharp Services...
5/17/2017 5:29:08 PM, Info: ProjectInfo successfully initialized.
5/17/2017 5:29:12 PM, Info: Commiting verification transaction...
5/17/2017 5:29:12 PM, Info: Saving project information...
5/17/2017 5:29:33 PM, Info: Initializing SIMPLSharp Services...
5/17/2017 5:29:33 PM, Info: ProjectInfo successfully initialized.
5/17/2017 5:29:37 PM, Info: Commiting verification transaction...
5/17/2017 5:29:37 PM, Info: Saving project information...
5/17/2017 5:46:43 PM, Info: Initializing SIMPLSharp Services...
5/17/2017 5:46:43 PM, Info: ProjectInfo successfully initialized.
5/17/2017 5:46:47 PM, Info: Commiting verification transaction...
5/17/2017 5:46:47 PM, Info: Saving project information...
5/17/2017 5:49:53 PM, Info: Initializing SIMPLSharp Services...
5/17/2017 5:49:53 PM, Info: ProjectInfo successfully initialized.
5/17/2017 5:49:57 PM, Info: Commiting verification transaction...
5/17/2017 5:49:57 PM, Info: Saving project information...
5/17/2017 7:33:06 PM, Info: Terminating SIMPLSharp Services
5/17/2017 7:33:06 PM, Info: Saving project information...
5/17/2017 7:33:06 PM, Info: Terminating SIMPLSharp Services
5/17/2017 7:33:06 PM, Info: Saving project information...
5/17/2017 7:33:06 PM, Info: Terminating SIMPLSharp Services
5/17/2017 7:33:06 PM, Info: Saving project information...
5/17/2017 7:33:06 PM, Info: Terminating SIMPLSharp Services
5/17/2017 7:33:06 PM, Info: Saving project information...
5/17/2017 7:33:06 PM, Info: Terminating SIMPLSharp Services
5/17/2017 7:33:06 PM, Info: Saving project information...
5/17/2017 7:33:06 PM, Info: Terminating SIMPLSharp Services
5/17/2017 7:33:06 PM, Info: Saving project information...
5/17/2017 7:33:06 PM, Info: Terminating SIMPLSharp Services
5/17/2017 7:33:06 PM, Info: Saving project information...
5/17/2017 7:33:06 PM, Info: Terminating SIMPLSharp Services
5/17/2017 7:33:06 PM, Info: Saving project information...
5/17/2017 7:33:06 PM, Info: Terminating SIMPLSharp Services
5/17/2017 7:33:06 PM, Info: Saving project information...
5/17/2017 7:33:06 PM, Info: Terminating SIMPLSharp Services
5/17/2017 7:33:06 PM, Info: Saving project information...
5/17/2017 7:33:06 PM, Info: Terminating SIMPLSharp Services
5/17/2017 7:33:06 PM, Info: Saving project information...
5/17/2017 7:33:06 PM, Info: Terminating SIMPLSharp Services
5/17/2017 7:33:06 PM, Info: Saving project information...
5/17/2017 7:33:06 PM, Info: Terminating SIMPLSharp Services
5/17/2017 7:33:06 PM, Info: Saving project information...
5/17/2017 7:33:06 PM, Info: Terminating SIMPLSharp Services
5/17/2017 7:33:06 PM, Info: Saving project information...
5/17/2017 7:33:06 PM, Info: Terminating SIMPLSharp Services
5/17/2017 7:33:06 PM, Info: Saving project information...
5/17/2017 7:33:06 PM, Info: Terminating SIMPLSharp Services
5/17/2017 7:33:06 PM, Info: Saving project information...
5/17/2017 7:33:06 PM, Info: Terminating SIMPLSharp Services
5/17/2017 7:33:06 PM, Info: Saving project information...
5/17/2017 7:33:06 PM, Info: Terminating SIMPLSharp Services
5/17/2017 7:33:06 PM, Info: Saving project information...
5/17/2017 7:33:06 PM, Info: Terminating SIMPLSharp Services
5/17/2017 7:33:06 PM, Info: Saving project information...
5/17/2017 7:33:06 PM, Info: Terminating SIMPLSharp Services
5/17/2017 7:33:06 PM, Info: Saving project information...
5/17/2017 7:33:06 PM, Info: Terminating SIMPLSharp Services
5/17/2017 7:33:06 PM, Info: Saving project information...
5/17/2017 7:33:06 PM, Info: Terminating SIMPLSharp Services
5/17/2017 7:33:06 PM, Info: Saving project information...
5/17/2017 7:33:06 PM, Info: Terminating SIMPLSharp Services
5/17/2017 7:33:06 PM, Info: Saving project information...
5/17/2017 7:33:06 PM, Info: Terminating SIMPLSharp Services
5/17/2017 7:33:06 PM, Info: Saving project information...
5/17/2017 7:33:06 PM, Info: Terminating SIMPLSharp Services
5/17/2017 7:33:06 PM, Info: Saving project information...
5/17/2017 7:33:06 PM, Info: Terminating SIMPLSharp Services
5/17/2017 7:33:06 PM, Info: Saving project information...
5/17/2017 7:33:06 PM, Info: Terminating SIMPLSharp Services
5/17/2017 7:33:06 PM, Info: Saving project information...
5/17/2017 7:33:06 PM, Info: Terminating SIMPLSharp Services
5/17/2017 7:33:06 PM, Info: Saving project information...
5/17/2017 7:33:06 PM, Info: Terminating SIMPLSharp Services
5/17/2017 7:33:06 PM, Info: Saving project information...
5/17/2017 7:33:06 PM, Info: Terminating SIMPLSharp Services
5/17/2017 7:33:06 PM, Info: Saving project information...
5/17/2017 7:33:06 PM, Info: Terminating SIMPLSharp Services
5/17/2017 7:33:06 PM, Info: Saving project information...
5/17/2017 7:33:06 PM, Info: Terminating SIMPLSharp Services
5/17/2017 7:33:06 PM, Info: Saving project information...
5/17/2017 7:33:06 PM, Info: Terminating SIMPLSharp Services
5/17/2017 7:33:06 PM, Info: Saving project information...
5/17/2017 7:33:06 PM, Info: Terminating SIMPLSharp Services
5/17/2017 7:33:06 PM, Info: Saving project information...
5/17/2017 7:33:06 PM, Info: Terminating SIMPLSharp Services
5/17/2017 7:33:06 PM, Info: Saving project information...
5/17/2017 7:33:06 PM, Info: Terminating SIMPLSharp Services
